# JRE version: OpenJDK Runtime Environment Temurin-17.0.19+10 (17.0.19+10) (build 17.0.19+10)
# Java VM: OpenJDK 64-Bit Server VM Temurin-17.0.19+10 (17.0.19+10, mixed mode, sharing, tiered, compressed oops, compressed class ptrs, g1 gc, windows-amd64)
GC Precious Log:
 CPUs: 12 total, 12 available
 Memory: 16262M
 Large Page Support: Disabled
 NUMA Support: Disabled
 Compressed Oops: Enabled (Zero based)
 Heap Region Size: 2M
 Heap Min Capacity: 8M
 Heap Initial Capacity: 256M
 Heap Max Capacity: 4066M
 Pre-touch: Disabled
 Parallel Workers: 10
 Concurrent Workers: 3
 Concurrent Refinement Workers: 10
 Periodic GC: Disabled
Heap:
 garbage-first heap   total 415744K, used 320014K [0x0000000701e00000, 0x0000000800000000)
  region size 2048K, 9 young (18432K), 1 survivors (2048K)
 Metaspace       used 30111K, committed 30656K, reserved 1114112K
  class space    used 3008K, committed 3328K, reserved 1048576K
GC Heap History (20 events):
Event: 80800.035 GC heap before
{Heap before GC invocations=59238 (full 0):
 garbage-first heap   total 413696K, used 131761K [0x0000000701e00000, 0x0000000800000000)
  region size 2048K, 4 young (8192K), 1 survivors (2048K)
 Metaspace       used 30106K, committed 30656K, reserved 1114112K
  class space    used 3008K, committed 3328K, reserved 1048576K
}
Event: 80800.036 GC heap after
{Heap after GC invocations=59239 (full 0):
 garbage-first heap   total 413696K, used 107074K [0x0000000701e00000, 0x0000000800000000)
  region size 2048K, 1 young (2048K), 1 survivors (2048K)
 Metaspace       used 30106K, committed 30656K, reserved 1114112K
  class space    used 3008K, committed 3328K, reserved 1048576K
}
Event: 80800.582 GC heap before
{Heap before GC invocations=59240 (full 0):
 garbage-first heap   total 413696K, used 139842K [0x0000000701e00000, 0x0000000800000000)
  region size 2048K, 6 young (12288K), 1 survivors (2048K)
 Metaspace       used 30106K, committed 30656K, reserved 1114112K
  class space    used 3008K, committed 3328K, reserved 1048576K
}
Event: 80800.583 GC heap after
{Heap after GC invocations=59241 (full 0):
 garbage-first heap   total 413696K, used 115292K [0x0000000701e00000, 0x0000000800000000)
  region size 2048K, 1 young (2048K), 1 survivors (2048K)
 Metaspace       used 30106K, committed 30656K, reserved 1114112K
  class space    used 3008K, committed 3328K, reserved 1048576K
}
Event: 80800.695 GC heap before
{Heap before GC invocations=59242 (full 0):
 garbage-first heap   total 413696K, used 148060K [0x0000000701e00000, 0x0000000800000000)
  region size 2048K, 6 young (12288K), 1 survivors (2048K)
 Metaspace       used 30106K, committed 30656K, reserved 1114112K
  class space    used 3008K, committed 3328K, reserved 1048576K
}
Event: 80800.697 GC heap after
{Heap after GC invocations=59243 (full 0):
 garbage-first heap   total 413696K, used 115302K [0x0000000701e00000, 0x0000000800000000)
  region size 2048K, 1 young (2048K), 1 survivors (2048K)
 Metaspace       used 30106K, committed 30656K, reserved 1114112K
  class space    used 3008K, committed 3328K, reserved 1048576K
}
Event: 80800.850 GC heap before
{Heap before GC invocations=59244 (full 0):
 garbage-first heap   total 413696K, used 168550K [0x0000000701e00000, 0x0000000800000000)
  region size 2048K, 7 young (14336K), 1 survivors (2048K)
 Metaspace       used 30106K, committed 30656K, reserved 1114112K
  class space    used 3008K, committed 3328K, reserved 1048576K
}
Event: 80800.851 GC heap after
{Heap after GC invocations=59245 (full 0):
 garbage-first heap   total 413696K, used 123631K [0x0000000701e00000, 0x0000000800000000)
  region size 2048K, 1 young (2048K), 1 survivors (2048K)
 Metaspace       used 30106K, committed 30656K, reserved 1114112K
  class space    used 3008K, committed 3328K, reserved 1048576K
}
Event: 80801.135 GC heap before
{Heap before GC invocations=59246 (full 0):
 garbage-first heap   total 413696K, used 168687K [0x0000000701e00000, 0x0000000800000000)
  region size 2048K, 8 young (16384K), 1 survivors (2048K)
 Metaspace       used 30106K, committed 30656K, reserved 1114112K
  class space    used 3008K, committed 3328K, reserved 1048576K
}
Event: 80801.136 GC heap after
{Heap after GC invocations=59247 (full 0):
 garbage-first heap   total 413696K, used 119517K [0x0000000701e00000, 0x0000000800000000)
  region size 2048K, 1 young (2048K), 1 survivors (2048K)
 Metaspace       used 30106K, committed 30656K, reserved 1114112K
  class space    used 3008K, committed 3328K, reserved 1048576K
}
Event: 80801.411 GC heap before
{Heap before GC invocations=59248 (full 0):
 garbage-first heap   total 413696K, used 152285K [0x0000000701e00000, 0x0000000800000000)
  region size 2048K, 6 young (12288K), 1 survivors (2048K)
 Metaspace       used 30106K, committed 30656K, reserved 1114112K
  class space    used 3008K, committed 3328K, reserved 1048576K
}
Event: 80801.411 GC heap after
{Heap after GC invocations=59249 (full 0):
 garbage-first heap   total 413696K, used 115415K [0x0000000701e00000, 0x0000000800000000)
  region size 2048K, 1 young (2048K), 1 survivors (2048K)
 Metaspace       used 30106K, committed 30656K, reserved 1114112K
  class space    used 3008K, committed 3328K, reserved 1048576K
}
Event: 80819.172 GC heap before
{Heap before GC invocations=59250 (full 0):
 garbage-first heap   total 417792K, used 404183K [0x0000000701e00000, 0x0000000800000000)
  region size 2048K, 34 young (69632K), 1 survivors (2048K)
 Metaspace       used 30106K, committed 30656K, reserved 1114112K
  class space    used 3008K, committed 3328K, reserved 1048576K
}
Event: 80819.172 GC heap after
{Heap after GC invocations=59251 (full 0):
 garbage-first heap   total 417792K, used 242357K [0x0000000701e00000, 0x0000000800000000)
  region size 2048K, 1 young (2048K), 1 survivors (2048K)
 Metaspace       used 30106K, committed 30656K, reserved 1114112K
  class space    used 3008K, committed 3328K, reserved 1048576K
}
Event: 80819.338 GC heap before
{Heap before GC invocations=59251 (full 0):
 garbage-first heap   total 417792K, used 311989K [0x0000000701e00000, 0x0000000800000000)
  region size 2048K, 11 young (22528K), 1 survivors (2048K)
 Metaspace       used 30106K, committed 30656K, reserved 1114112K
  class space    used 3008K, committed 3328K, reserved 1048576K
}
Event: 80819.340 GC heap after
{Heap after GC invocations=59252 (full 0):
 garbage-first heap   total 417792K, used 139938K [0x0000000701e00000, 0x0000000800000000)
  region size 2048K, 1 young (2048K), 1 survivors (2048K)
 Metaspace       used 30106K, committed 30656K, reserved 1114112K
  class space    used 3008K, committed 3328K, reserved 1048576K
}
Event: 80819.409 GC heap before
{Heap before GC invocations=59252 (full 0):
 garbage-first heap   total 417792K, used 141986K [0x0000000701e00000, 0x0000000800000000)
  region size 2048K, 3 young (6144K), 1 survivors (2048K)
 Metaspace       used 30106K, committed 30656K, reserved 1114112K
  class space    used 3008K, committed 3328K, reserved 1048576K
}
Event: 80819.411 GC heap after
{Heap after GC invocations=59253 (full 0):
 garbage-first heap   total 417792K, used 102757K [0x0000000701e00000, 0x0000000800000000)
  region size 2048K, 1 young (2048K), 1 survivors (2048K)
 Metaspace       used 30106K, committed 30656K, reserved 1114112K
  class space    used 3008K, committed 3328K, reserved 1048576K
}
Event: 80837.940 GC heap before
{Heap before GC invocations=59254 (full 0):
 garbage-first heap   total 413696K, used 401765K [0x0000000701e00000, 0x0000000800000000)
  region size 2048K, 35 young (71680K), 1 survivors (2048K)
 Metaspace       used 30111K, committed 30656K, reserved 1114112K
  class space    used 3008K, committed 3328K, reserved 1048576K
}
Event: 80837.941 GC heap after
{Heap after GC invocations=59255 (full 0):
 garbage-first heap   total 415744K, used 246286K [0x0000000701e00000, 0x0000000800000000)
  region size 2048K, 1 young (2048K), 1 survivors (2048K)
 Metaspace       used 30111K, committed 30656K, reserved 1114112K
  class space    used 3008K, committed 3328K, reserved 1048576K
}

