Start testing: Jul 13 13:42 MSK
----------------------------------------------------------
1/1 Testing: cw_config_tests
1/1 Test: cw_config_tests
Command: "/home/oleg/Загрузки/realise/Kal/camera-worker/build-test/cw_config_tests"
Directory: /home/oleg/Загрузки/realise/Kal/camera-worker/build-test
"cw_config_tests" start time: Jul 13 13:42 MSK
Output:
----------------------------------------------------------
camera-worker tests passed
<end of output>
Test time =   0.00 sec
----------------------------------------------------------
Test Passed.
"cw_config_tests" end time: Jul 13 13:42 MSK
"cw_config_tests" time elapsed: 00:00:00
----------------------------------------------------------

End testing: Jul 13 13:42 MSK
